\BOOKMARK [1][-]{section.1}{Introduction}{}% 1
\BOOKMARK [1][-]{section.2}{The Amphoric production in Baetica province}{}% 2
\BOOKMARK [1][-]{section.3}{Material and methods}{}% 3
\BOOKMARK [2][-]{subsection.3.1}{Production centres: Baetica province}{section.3}% 4
\BOOKMARK [3][-]{subsubsection.3.1.1}{Material}{subsection.3.1}% 5
\BOOKMARK [3][-]{subsubsection.3.1.2}{Exploratory Analysis}{subsection.3.1}% 6
\BOOKMARK [2][-]{subsection.3.2}{Consumption centres: Britannia and Germania}{section.3}% 7
\BOOKMARK [3][-]{subsubsection.3.2.1}{Britannia}{subsection.3.2}% 8
\BOOKMARK [3][-]{subsubsection.3.2.2}{Material}{subsection.3.2}% 9
\BOOKMARK [3][-]{subsubsection.3.2.3}{Germania}{subsection.3.2}% 10
\BOOKMARK [3][-]{subsubsection.3.2.4}{Material}{subsection.3.2}% 11
\BOOKMARK [2][-]{subsection.3.3}{Measuring the dissimilarity in stamps}{section.3}% 12
\BOOKMARK [1][-]{section.4}{Results}{}% 13
\BOOKMARK [2][-]{subsection.4.1}{Production centres: Baetica Province}{section.4}% 14
\BOOKMARK [2][-]{subsection.4.2}{Reception centres: Britannia and Germania}{section.4}% 15
\BOOKMARK [3][-]{subsubsection.4.2.1}{Britannia}{subsection.4.2}% 16
\BOOKMARK [2][-]{subsection.4.3}{Germania}{section.4}% 17
\BOOKMARK [1][-]{section.5}{Discussion and Conclusion}{}% 18
\BOOKMARK [1][-]{section.6}{Acknowledgements}{}% 19
\BOOKMARK [1][-]{section.7}{References}{}% 20
